<?xml version="1.0" encoding="UTF-8"?>
<!-- Generated by org.testng.reporters.JUnitReportReporter -->
<testsuite skipped="0" hostname="ICEN060" name="example.NewTest" tests="1" failures="0" timestamp="24 Nov 2018 13:25:00 GMT" time="7.146" errors="0">
  <testcase name="testEasy" time="7.146" classname="example.NewTest"/>
</testsuite> <!-- example.NewTest -->
