<?xml version="1.0" encoding="UTF-8"?>
<!-- Generated by org.testng.reporters.JUnitReportReporter -->
<testsuite skipped="0" hostname="ICEN060" name="example.GmailLoginTest" tests="3" failures="0" timestamp="25 Nov 2018 12:56:47 GMT" time="76.935" errors="0">
  <testcase name="testLoginUnsuccessfulWrongUserName" time="16.493" classname="example.GmailLoginTest"/>
  <testcase name="testLoginUnsuccessfulWrongPassword" time="18.456" classname="example.GmailLoginTest"/>
  <testcase name="testLoginSuccessful" time="41.986" classname="example.GmailLoginTest"/>
</testsuite> <!-- example.GmailLoginTest -->
