<?xml version="1.0" encoding="UTF-8"?>
<!-- Generated by org.testng.reporters.JUnitReportReporter -->
<testsuite skipped="0" hostname="ICEN060" name="example.GmailLoginTest" tests="3" failures="0" timestamp="25 Nov 2018 13:05:10 GMT" time="65.937" errors="0">
  <testcase name="testLoginSuccessful" time="30.330" classname="example.GmailLoginTest"/>
  <testcase name="testLoginUnsuccessfulWrongUserName" time="16.608" classname="example.GmailLoginTest"/>
  <testcase name="testLoginUnsuccessfulWrongPassword" time="18.999" classname="example.GmailLoginTest"/>
</testsuite> <!-- example.GmailLoginTest -->
