<?xml version="1.0" encoding="UTF-8"?>
<!-- Generated by org.testng.reporters.JUnitReportReporter -->
<testsuite skipped="0" hostname="ICEN060" name="example.GmailSendMailTest" tests="1" failures="0" timestamp="25 Nov 2018 13:05:10 GMT" time="35.283" errors="0">
  <testcase name="testSendMail" time="35.283" classname="example.GmailSendMailTest"/>
</testsuite> <!-- example.GmailSendMailTest -->
